<?xml version='1.0' encoding='UTF-8'?>
<testsuite hostname="matze-katze" name="CardStackTest" tests="5" errors="0" failures="0" skipped="0" time="0.038" timestamp="2024-05-12T21:43:19">
          <properties>
[...]
</properties>
          <testcase classname="CardStackTest" name="A CardStack when created should have initial state should without parameters" time="0.026">
                      
                    </testcase><testcase classname="CardStackTest" name="A CardStack when created should have initial state should with Cards" time="0.01">
                      
                    </testcase><testcase classname="CardStackTest" name="A CardStack when drawn from Stack should flip stackcard" time="0.001">
                      
                    </testcase><testcase classname="CardStackTest" name="A CardStack when drawn from trash should give Trashcard" time="0.001">
                      
                    </testcase><testcase classname="CardStackTest" name="A CardStack when discarding should discard card" time="0.0">
                      
                    </testcase>
          <system-out><![CDATA[]]></system-out>
          <system-err><![CDATA[]]></system-err>
        </testsuite>