<?xml version='1.0' encoding='UTF-8'?>
<testsuite hostname="UNSC.local" name="PlayerTableTest" tests="11" errors="0" failures="0" skipped="0" time="0.056" timestamp="2024-05-10T09:22:12">
          <properties>
[...]
</properties>
          <testcase classname="PlayerTableTest" name="A PlayerTable when created should have initial state" time="0.033">
                      
                    </testcase><testcase classname="PlayerTableTest" name="A PlayerTable when drawing from the stack should open the top card" time="0.001">
                      
                    </testcase><testcase classname="PlayerTableTest" name="A PlayerTable when updating a player's matrix should update the corresponding position in Tabletop" time="0.002">
                      
                    </testcase><testcase classname="PlayerTableTest" name="A PlayerTable when updating the cardstack should move the card from stack to trash if specified" time="0.001">
                      
                    </testcase><testcase classname="PlayerTableTest" name="A PlayerTable when padding values for cards should pad the values correctly" time="0.001">
                      
                    </testcase><testcase classname="PlayerTableTest" name="A PlayerTable when getting Cardstack String should return correct string representation" time="0.002">
                      
                    </testcase><testcase classname="PlayerTableTest" name="A PlayerTable when getting current player string should return correct string representation" time="0.003">
                      
                    </testcase><testcase classname="PlayerTableTest" name="A PlayerTable when getting player matrices string should return correct string representation" time="0.001">
                      
                    </testcase><testcase classname="PlayerTableTest" name="A PlayerTable when getting player matrices string should return string representation of minimal matrix" time="0.001">
                      
                    </testcase><testcase classname="PlayerTableTest" name="A PlayerTable when getting full table string should return correct string representation" time="0.002">
                      
                    </testcase><testcase classname="PlayerTableTest" name="A PlayerTable when getting Scores should return scores of each player" time="0.009">
                      
                    </testcase>
          <system-out><![CDATA[]]></system-out>
          <system-err><![CDATA[]]></system-err>
        </testsuite>